# JRE version: OpenJDK Runtime Environment (8.0_76-b03) (build 1.8.0_76-release-b03)
# Java VM: OpenJDK 64-Bit Server VM (25.76-b03 mixed mode windows-amd64 compressed oops)
Heap:
 PSYoungGen      total 179200K, used 3105K [0x00000000e0000000, 0x00000000ed880000, 0x0000000100000000)
  eden space 158720K, 1% used [0x00000000e0000000,0x00000000e0308748,0x00000000e9b00000)
  from space 20480K, 0% used [0x00000000eb100000,0x00000000eb100000,0x00000000ec500000)
  to   space 22528K, 0% used [0x00000000e9b00000,0x00000000e9b00000,0x00000000eb100000)
 ParOldGen       total 139264K, used 36600K [0x00000000a0000000, 0x00000000a8800000, 0x00000000e0000000)
  object space 139264K, 26% used [0x00000000a0000000,0x00000000a23be200,0x00000000a8800000)
 Metaspace       used 57640K, capacity 59124K, committed 59544K, reserved 1101824K
  class space    used 7478K, capacity 7817K, committed 7936K, reserved 1048576K
GC Heap History (10 events):
Event: 24.442 GC heap before
{Heap before GC invocations=15 (full 2):
 PSYoungGen      total 118272K, used 117122K [0x00000000e0000000, 0x00000000e8000000, 0x0000000100000000)
  eden space 107520K, 100% used [0x00000000e0000000,0x00000000e6900000,0x00000000e6900000)
  from space 10752K, 89% used [0x00000000e7580000,0x00000000e7ee08f0,0x00000000e8000000)
  to   space 11776K, 0% used [0x00000000e6900000,0x00000000e6900000,0x00000000e7480000)
 ParOldGen       total 96256K, used 15550K [0x00000000a0000000, 0x00000000a5e00000, 0x00000000e0000000)
  object space 96256K, 16% used [0x00000000a0000000,0x00000000a0f2fb88,0x00000000a5e00000)
 Metaspace       used 49420K, capacity 50706K, committed 50944K, reserved 1093632K
  class space    used 6595K, capacity 6858K, committed 6912K, reserved 1048576K
Event: 24.472 GC heap after
Heap after GC invocations=15 (full 2):
 PSYoungGen      total 119296K, used 11759K [0x00000000e0000000, 0x00000000ea200000, 0x0000000100000000)
  eden space 107520K, 0% used [0x00000000e0000000,0x00000000e0000000,0x00000000e6900000)
  from space 11776K, 99% used [0x00000000e6900000,0x00000000e747be08,0x00000000e7480000)
  to   space 15872K, 0% used [0x00000000e9280000,0x00000000e9280000,0x00000000ea200000)
 ParOldGen       total 96256K, used 22145K [0x00000000a0000000, 0x00000000a5e00000, 0x00000000e0000000)
  object space 96256K, 23% used [0x00000000a0000000,0x00000000a15a0678,0x00000000a5e00000)
 Metaspace       used 49420K, capacity 50706K, committed 50944K, reserved 1093632K
  class space    used 6595K, capacity 6858K, committed 6912K, reserved 1048576K
}
Event: 31.453 GC heap before
{Heap before GC invocations=16 (full 2):
 PSYoungGen      total 119296K, used 119279K [0x00000000e0000000, 0x00000000ea200000, 0x0000000100000000)
  eden space 107520K, 100% used [0x00000000e0000000,0x00000000e6900000,0x00000000e6900000)
  from space 11776K, 99% used [0x00000000e6900000,0x00000000e747be08,0x00000000e7480000)
  to   space 15872K, 0% used [0x00000000e9280000,0x00000000e9280000,0x00000000ea200000)
 ParOldGen       total 96256K, used 22145K [0x00000000a0000000, 0x00000000a5e00000, 0x00000000e0000000)
  object space 96256K, 23% used [0x00000000a0000000,0x00000000a15a0678,0x00000000a5e00000)
 Metaspace       used 51106K, capacity 52440K, committed 52736K, reserved 1095680K
  class space    used 6786K, capacity 7067K, committed 7168K, reserved 1048576K
Event: 31.531 GC heap after
Heap after GC invocations=16 (full 2):
 PSYoungGen      total 148480K, used 14793K [0x00000000e0000000, 0x00000000ea380000, 0x0000000100000000)
  eden space 132608K, 0% used [0x00000000e0000000,0x00000000e0000000,0x00000000e8180000)
  from space 15872K, 93% used [0x00000000e9280000,0x00000000ea0f24d8,0x00000000ea200000)
  to   space 17408K, 0% used [0x00000000e8180000,0x00000000e8180000,0x00000000e9280000)
 ParOldGen       total 96256K, used 22153K [0x00000000a0000000, 0x00000000a5e00000, 0x00000000e0000000)
  object space 96256K, 23% used [0x00000000a0000000,0x00000000a15a2678,0x00000000a5e00000)
 Metaspace       used 51106K, capacity 52440K, committed 52736K, reserved 1095680K
  class space    used 6786K, capacity 7067K, committed 7168K, reserved 1048576K
}
Event: 39.243 GC heap before
{Heap before GC invocations=17 (full 2):
 PSYoungGen      total 148480K, used 147401K [0x00000000e0000000, 0x00000000ea380000, 0x0000000100000000)
  eden space 132608K, 100% used [0x00000000e0000000,0x00000000e8180000,0x00000000e8180000)
  from space 15872K, 93% used [0x00000000e9280000,0x00000000ea0f24d8,0x00000000ea200000)
  to   space 17408K, 0% used [0x00000000e8180000,0x00000000e8180000,0x00000000e9280000)
 ParOldGen       total 96256K, used 22153K [0x00000000a0000000, 0x00000000a5e00000, 0x00000000e0000000)
  object space 96256K, 23% used [0x00000000a0000000,0x00000000a15a2678,0x00000000a5e00000)
 Metaspace       used 57241K, capacity 58578K, committed 58752K, reserved 1099776K
  class space    used 7427K, capacity 7748K, committed 7808K, reserved 1048576K
Event: 39.291 GC heap after
Heap after GC invocations=17 (full 2):
 PSYoungGen      total 150016K, used 17402K [0x00000000e0000000, 0x00000000ec500000, 0x0000000100000000)
  eden space 132608K, 0% used [0x00000000e0000000,0x00000000e0000000,0x00000000e8180000)
  from space 17408K, 99% used [0x00000000e8180000,0x00000000e927e988,0x00000000e9280000)
  to   space 20480K, 0% used [0x00000000eb100000,0x00000000eb100000,0x00000000ec500000)
 ParOldGen       total 96256K, used 23692K [0x00000000a0000000, 0x00000000a5e00000, 0x00000000e0000000)
  object space 96256K, 24% used [0x00000000a0000000,0x00000000a1723010,0x00000000a5e00000)
 Metaspace       used 57241K, capacity 58578K, committed 58752K, reserved 1099776K
  class space    used 7427K, capacity 7748K, committed 7808K, reserved 1048576K
}
Event: 40.326 GC heap before
{Heap before GC invocations=18 (full 2):
 PSYoungGen      total 150016K, used 61540K [0x00000000e0000000, 0x00000000ec500000, 0x0000000100000000)
  eden space 132608K, 33% used [0x00000000e0000000,0x00000000e2b1a840,0x00000000e8180000)
  from space 17408K, 99% used [0x00000000e8180000,0x00000000e927e988,0x00000000e9280000)
  to   space 20480K, 0% used [0x00000000eb100000,0x00000000eb100000,0x00000000ec500000)
 ParOldGen       total 96256K, used 23692K [0x00000000a0000000, 0x00000000a5e00000, 0x00000000e0000000)
  object space 96256K, 24% used [0x00000000a0000000,0x00000000a1723010,0x00000000a5e00000)
 Metaspace       used 57482K, capacity 58970K, committed 59160K, reserved 1101824K
  class space    used 7454K, capacity 7786K, committed 7808K, reserved 1048576K
Event: 40.411 GC heap after
Heap after GC invocations=18 (full 2):
 PSYoungGen      total 179200K, used 18218K [0x00000000e0000000, 0x00000000ed880000, 0x0000000100000000)
  eden space 158720K, 0% used [0x00000000e0000000,0x00000000e0000000,0x00000000e9b00000)
  from space 20480K, 88% used [0x00000000eb100000,0x00000000ec2ca998,0x00000000ec500000)
  to   space 22528K, 0% used [0x00000000e9b00000,0x00000000e9b00000,0x00000000eb100000)
 ParOldGen       total 96256K, used 23700K [0x00000000a0000000, 0x00000000a5e00000, 0x00000000e0000000)
  object space 96256K, 24% used [0x00000000a0000000,0x00000000a1725010,0x00000000a5e00000)
 Metaspace       used 57482K, capacity 58970K, committed 59160K, reserved 1101824K
  class space    used 7454K, capacity 7786K, committed 7808K, reserved 1048576K
}
Event: 40.411 GC heap before
{Heap before GC invocations=19 (full 3):
 PSYoungGen      total 179200K, used 18218K [0x00000000e0000000, 0x00000000ed880000, 0x0000000100000000)
  eden space 158720K, 0% used [0x00000000e0000000,0x00000000e0000000,0x00000000e9b00000)
  from space 20480K, 88% used [0x00000000eb100000,0x00000000ec2ca998,0x00000000ec500000)
  to   space 22528K, 0% used [0x00000000e9b00000,0x00000000e9b00000,0x00000000eb100000)
 ParOldGen       total 96256K, used 23700K [0x00000000a0000000, 0x00000000a5e00000, 0x00000000e0000000)
  object space 96256K, 24% used [0x00000000a0000000,0x00000000a1725010,0x00000000a5e00000)
 Metaspace       used 57482K, capacity 58970K, committed 59160K, reserved 1101824K
  class space    used 7454K, capacity 7786K, committed 7808K, reserved 1048576K
Event: 40.939 GC heap after
Heap after GC invocations=19 (full 3):
 PSYoungGen      total 179200K, used 0K [0x00000000e0000000, 0x00000000ed880000, 0x0000000100000000)
  eden space 158720K, 0% used [0x00000000e0000000,0x00000000e0000000,0x00000000e9b00000)
  from space 20480K, 0% used [0x00000000eb100000,0x00000000eb100000,0x00000000ec500000)
  to   space 22528K, 0% used [0x00000000e9b00000,0x00000000e9b00000,0x00000000eb100000)
 ParOldGen       total 139264K, used 36600K [0x00000000a0000000, 0x00000000a8800000, 0x00000000e0000000)
  object space 139264K, 26% used [0x00000000a0000000,0x00000000a23be200,0x00000000a8800000)
 Metaspace       used 57480K, capacity 58964K, committed 59160K, reserved 1101824K
  class space    used 7453K, capacity 7785K, committed 7808K, reserved 1048576K
}

